2025-06-03 11:06:17,619 [INFO] auth token available after earlier registration, loading settings
2025-06-03 11:06:17,619 [INFO] auth token and settings available, opening UI window
2025-06-03 11:06:40,844 [INFO] auth token available after earlier registration, loading settings
2025-06-03 11:06:40,844 [INFO] auth token and settings available, opening UI window
2025-06-03 11:08:24,906 [INFO] Background sync triggered by timer.
2025-06-03 11:08:24,909 [INFO] public domain name is available, using that
2025-06-03 11:08:24,909 [DEBUG] Running command: rsync -rtpu /home/rustie/Documents/ rsync://bbx@newton.house:873/wkiKsRsh_documents
2025-06-03 11:08:26,229 [INFO] Sync successful for Documents/: 
2025-06-03 11:08:26,229 [DEBUG] Running command: rsync -rtpu /home/rustie/Downloads/ rsync://bbx@newton.house:873/wkiKsRsh_downloads
2025-06-03 11:08:27,454 [INFO] Sync successful for Downloads/: 
2025-06-03 11:08:27,454 [DEBUG] Running command: rsync -rtpu /home/rustie/Pictures/ rsync://bbx@newton.house:873/wkiKsRsh_photos
2025-06-03 11:08:28,868 [INFO] Sync successful for Pictures/: 
2025-06-03 11:08:28,869 [DEBUG] Running command: rsync -rtpu /home/rustie/Videos/ rsync://bbx@newton.house:873/wkiKsRsh_videos
2025-06-03 11:08:30,322 [INFO] Sync successful for Videos/: 
2025-06-03 11:10:30,422 [INFO] Background sync triggered by timer.
2025-06-03 11:10:30,427 [INFO] public domain name is available, using that
2025-06-03 11:10:30,427 [DEBUG] Running command: rsync -rtpu /home/rustie/Documents/ rsync://bbx@newton.house:873/wkiKsRsh_documents
2025-06-03 11:10:31,871 [INFO] Sync successful for Documents/: 
2025-06-03 11:10:31,871 [DEBUG] Running command: rsync -rtpu /home/rustie/Downloads/ rsync://bbx@newton.house:873/wkiKsRsh_downloads
2025-06-03 11:10:33,307 [INFO] Sync successful for Downloads/: 
2025-06-03 11:10:33,308 [DEBUG] Running command: rsync -rtpu /home/rustie/Pictures/ rsync://bbx@newton.house:873/wkiKsRsh_photos
2025-06-03 11:10:34,737 [INFO] Sync successful for Pictures/: 
2025-06-03 11:10:34,737 [DEBUG] Running command: rsync -rtpu /home/rustie/Videos/ rsync://bbx@newton.house:873/wkiKsRsh_videos
2025-06-03 11:10:36,068 [INFO] Sync successful for Videos/: 
2025-06-03 11:12:36,076 [INFO] Background sync triggered by timer.
2025-06-03 11:12:36,081 [INFO] public domain name is available, using that
2025-06-03 11:12:36,082 [DEBUG] Running command: rsync -rtpu /home/rustie/Documents/ rsync://bbx@newton.house:873/wkiKsRsh_documents
2025-06-03 11:12:37,413 [INFO] Sync successful for Documents/: 
2025-06-03 11:12:37,413 [DEBUG] Running command: rsync -rtpu /home/rustie/Downloads/ rsync://bbx@newton.house:873/wkiKsRsh_downloads
2025-06-03 11:12:38,641 [INFO] Sync successful for Downloads/: 
2025-06-03 11:12:38,642 [DEBUG] Running command: rsync -rtpu /home/rustie/Pictures/ rsync://bbx@newton.house:873/wkiKsRsh_photos
2025-06-03 11:12:40,075 [INFO] Sync successful for Pictures/: 
2025-06-03 11:12:40,076 [DEBUG] Running command: rsync -rtpu /home/rustie/Videos/ rsync://bbx@newton.house:873/wkiKsRsh_videos
2025-06-03 11:12:41,406 [INFO] Sync successful for Videos/: 
2025-06-03 11:14:41,506 [INFO] Background sync skipped — disabled in settings.
2025-06-03 11:38:11,430 [INFO] Background sync triggered by timer.
2025-06-03 11:38:11,433 [INFO] public domain name is available, using that
2025-06-03 11:38:11,433 [DEBUG] Running command: rsync -rtpu /home/rustie/Documents/ rsync://bbx@newton.house:873/wkiKsRsh_documents
2025-06-03 11:38:12,821 [INFO] Sync successful for Documents/: 
2025-06-03 11:38:12,821 [DEBUG] Running command: rsync -rtpu /home/rustie/Downloads/ rsync://bbx@newton.house:873/wkiKsRsh_downloads
2025-06-03 11:38:14,153 [INFO] Sync successful for Downloads/: 
2025-06-03 11:38:14,153 [DEBUG] Running command: rsync -rtpu /home/rustie/Pictures/ rsync://bbx@newton.house:873/wkiKsRsh_photos
2025-06-03 11:38:15,299 [INFO] Sync successful for Pictures/: 
2025-06-03 11:38:15,299 [DEBUG] Running command: rsync -rtpu /home/rustie/Videos/ rsync://bbx@newton.house:873/wkiKsRsh_videos
2025-06-03 11:38:16,713 [INFO] Sync successful for Videos/: 
2025-06-03 11:40:16,814 [INFO] Background sync triggered by timer.
2025-06-03 11:40:16,818 [INFO] public domain name is available, using that
2025-06-03 11:40:16,819 [DEBUG] Running command: rsync -rtpu /home/rustie/Documents/ rsync://bbx@newton.house:873/wkiKsRsh_documents
2025-06-03 11:40:18,263 [INFO] Sync successful for Documents/: 
2025-06-03 11:40:18,264 [DEBUG] Running command: rsync -rtpu /home/rustie/Downloads/ rsync://bbx@newton.house:873/wkiKsRsh_downloads
2025-06-03 11:40:19,492 [INFO] Sync successful for Downloads/: 
2025-06-03 11:40:19,492 [DEBUG] Running command: rsync -rtpu /home/rustie/Pictures/ rsync://bbx@newton.house:873/wkiKsRsh_photos
2025-06-03 11:40:20,849 [INFO] Sync successful for Pictures/: 
2025-06-03 11:40:20,850 [DEBUG] Running command: rsync -rtpu /home/rustie/Videos/ rsync://bbx@newton.house:873/wkiKsRsh_videos
2025-06-03 11:40:22,158 [INFO] Sync successful for Videos/: 
2025-06-03 11:40:35,712 [INFO] Background sync triggered by timer.
2025-06-03 11:40:35,714 [INFO] public domain name is available, using that
2025-06-03 11:40:35,715 [DEBUG] Running command: rsync -rtpu /home/rustie/Documents/ rsync://bbx@newton.house:873/wkiKsRsh_documents
2025-06-03 11:40:36,891 [INFO] Sync successful for Documents/: 
2025-06-03 11:40:36,891 [DEBUG] Running command: rsync -rtpu /home/rustie/Downloads/ rsync://bbx@newton.house:873/wkiKsRsh_downloads
2025-06-03 11:40:38,334 [INFO] Sync successful for Downloads/: 
2025-06-03 11:40:38,334 [DEBUG] Running command: rsync -rtpu /home/rustie/Pictures/ rsync://bbx@newton.house:873/wkiKsRsh_photos
2025-06-03 11:40:39,870 [INFO] Sync successful for Pictures/: 
2025-06-03 11:40:39,870 [DEBUG] Running command: rsync -rtpu /home/rustie/Videos/ rsync://bbx@newton.house:873/wkiKsRsh_videos
2025-06-03 11:40:41,303 [INFO] Sync successful for Videos/: 
2025-06-03 11:42:41,325 [INFO] Background sync triggered by timer.
2025-06-03 11:42:41,330 [INFO] public domain name is available, using that
2025-06-03 11:42:41,331 [DEBUG] Running command: rsync -rtpu /home/rustie/Documents/ rsync://bbx@newton.house:873/wkiKsRsh_documents
2025-06-03 11:42:42,752 [INFO] Sync successful for Documents/: 
2025-06-03 11:42:42,752 [DEBUG] Running command: rsync -rtpu /home/rustie/Downloads/ rsync://bbx@newton.house:873/wkiKsRsh_downloads
2025-06-03 11:42:44,083 [INFO] Sync successful for Downloads/: 
2025-06-03 11:42:44,083 [DEBUG] Running command: rsync -rtpu /home/rustie/Pictures/ rsync://bbx@newton.house:873/wkiKsRsh_photos
2025-06-03 11:42:45,414 [INFO] Sync successful for Pictures/: 
2025-06-03 11:42:45,414 [DEBUG] Running command: rsync -rtpu /home/rustie/Videos/ rsync://bbx@newton.house:873/wkiKsRsh_videos
2025-06-03 11:42:46,833 [INFO] Sync successful for Videos/: 
2025-06-03 11:44:46,934 [INFO] Background sync triggered by timer.
2025-06-03 11:44:46,939 [INFO] public domain name is available, using that
2025-06-03 11:44:46,939 [DEBUG] Running command: rsync -rtpu /home/rustie/Documents/ rsync://bbx@newton.house:873/wkiKsRsh_documents
2025-06-03 11:44:48,399 [INFO] Sync successful for Documents/: 
2025-06-03 11:44:48,399 [DEBUG] Running command: rsync -rtpu /home/rustie/Downloads/ rsync://bbx@newton.house:873/wkiKsRsh_downloads
2025-06-03 11:44:49,730 [INFO] Sync successful for Downloads/: 
2025-06-03 11:44:49,730 [DEBUG] Running command: rsync -rtpu /home/rustie/Pictures/ rsync://bbx@newton.house:873/wkiKsRsh_photos
2025-06-03 11:44:51,163 [INFO] Sync successful for Pictures/: 
2025-06-03 11:44:51,163 [DEBUG] Running command: rsync -rtpu /home/rustie/Videos/ rsync://bbx@newton.house:873/wkiKsRsh_videos
2025-06-03 11:44:52,597 [INFO] Sync successful for Videos/: 
2025-06-03 11:45:55,131 [INFO] Background sync triggered by timer.
2025-06-03 11:45:55,133 [INFO] public domain name is available, using that
2025-06-03 11:45:55,134 [DEBUG] Running command: rsync -rtpu /home/rustie/Documents/ rsync://bbx@newton.house:873/wkiKsRsh_documents
2025-06-03 11:45:56,599 [INFO] Sync successful for Documents/: 
2025-06-03 11:45:56,600 [INFO] Updated lastRun to 2025-06-03T11:45:56.599647
2025-06-03 11:45:56,600 [DEBUG] Running command: rsync -rtpu /home/rustie/Downloads/ rsync://bbx@newton.house:873/wkiKsRsh_downloads
2025-06-03 11:45:57,929 [INFO] Sync successful for Downloads/: 
2025-06-03 11:45:57,930 [INFO] Updated lastRun to 2025-06-03T11:45:57.929957
2025-06-03 11:45:57,930 [DEBUG] Running command: rsync -rtpu /home/rustie/Pictures/ rsync://bbx@newton.house:873/wkiKsRsh_photos
2025-06-03 11:45:59,363 [INFO] Sync successful for Pictures/: 
2025-06-03 11:45:59,364 [INFO] Updated lastRun to 2025-06-03T11:45:59.364095
2025-06-03 11:45:59,364 [DEBUG] Running command: rsync -rtpu /home/rustie/Videos/ rsync://bbx@newton.house:873/wkiKsRsh_videos
2025-06-03 11:46:00,796 [INFO] Sync successful for Videos/: 
2025-06-03 11:46:00,797 [INFO] Updated lastRun to 2025-06-03T11:46:00.797371
2025-06-03 11:48:00,890 [INFO] Background sync triggered by timer.
2025-06-03 11:48:00,894 [INFO] public domain name is available, using that
2025-06-03 11:48:00,895 [DEBUG] Running command: rsync -rtpu /home/rustie/Documents/ rsync://bbx@newton.house:873/wkiKsRsh_documents
2025-06-03 11:48:02,350 [INFO] Sync successful for Documents/: 
2025-06-03 11:48:02,351 [INFO] Updated lastRun to 2025-06-03T11:48:02.351242
2025-06-03 11:48:02,351 [DEBUG] Running command: rsync -rtpu /home/rustie/Downloads/ rsync://bbx@newton.house:873/wkiKsRsh_downloads
2025-06-03 11:48:03,679 [INFO] Sync successful for Downloads/: 
2025-06-03 11:48:03,679 [INFO] Updated lastRun to 2025-06-03T11:48:03.679530
2025-06-03 11:48:03,680 [DEBUG] Running command: rsync -rtpu /home/rustie/Pictures/ rsync://bbx@newton.house:873/wkiKsRsh_photos
2025-06-03 11:48:05,009 [INFO] Sync successful for Pictures/: 
2025-06-03 11:48:05,010 [INFO] Updated lastRun to 2025-06-03T11:48:05.009984
2025-06-03 11:48:05,010 [DEBUG] Running command: rsync -rtpu /home/rustie/Videos/ rsync://bbx@newton.house:873/wkiKsRsh_videos
2025-06-03 11:48:06,442 [INFO] Sync successful for Videos/: 
2025-06-03 11:48:06,443 [INFO] Updated lastRun to 2025-06-03T11:48:06.443094
2025-06-03 11:50:06,469 [INFO] Background sync triggered by timer.
2025-06-03 11:50:06,474 [INFO] public domain name is available, using that
2025-06-03 11:50:06,475 [DEBUG] Running command: rsync -rtpu /home/rustie/Documents/ rsync://bbx@newton.house:873/wkiKsRsh_documents
2025-06-03 11:50:07,788 [INFO] Sync successful for Documents/: 
2025-06-03 11:50:07,789 [INFO] Updated lastRun to 2025-06-03T11:50:07.788903
2025-06-03 11:50:07,789 [DEBUG] Running command: rsync -rtpu /home/rustie/Downloads/ rsync://bbx@newton.house:873/wkiKsRsh_downloads
2025-06-03 11:50:09,222 [INFO] Sync successful for Downloads/: 
2025-06-03 11:50:09,223 [INFO] Updated lastRun to 2025-06-03T11:50:09.222866
2025-06-03 11:50:09,223 [DEBUG] Running command: rsync -rtpu /home/rustie/Pictures/ rsync://bbx@newton.house:873/wkiKsRsh_photos
2025-06-03 11:50:10,654 [INFO] Sync successful for Pictures/: 
2025-06-03 11:50:10,655 [INFO] Updated lastRun to 2025-06-03T11:50:10.655117
2025-06-03 11:50:10,655 [DEBUG] Running command: rsync -rtpu /home/rustie/Videos/ rsync://bbx@newton.house:873/wkiKsRsh_videos
2025-06-03 11:50:11,986 [INFO] Sync successful for Videos/: 
2025-06-03 11:50:11,987 [INFO] Updated lastRun to 2025-06-03T11:50:11.986906
2025-06-03 11:51:02,032 [INFO] Background sync triggered by timer.
2025-06-03 11:51:02,035 [INFO] public domain name is available, using that
2025-06-03 11:51:02,035 [DEBUG] Running command: rsync -rtpu /home/rustie/Documents/ rsync://bbx@newton.house:873/wkiKsRsh_documents
2025-06-03 11:51:03,395 [INFO] Sync successful for Documents/: 
2025-06-03 11:51:03,395 [DEBUG] Running command: rsync -rtpu /home/rustie/Downloads/ rsync://bbx@newton.house:873/wkiKsRsh_downloads
2025-06-03 11:51:04,817 [INFO] Sync successful for Downloads/: 
2025-06-03 11:51:04,817 [DEBUG] Running command: rsync -rtpu /home/rustie/Pictures/ rsync://bbx@newton.house:873/wkiKsRsh_photos
2025-06-03 11:51:06,258 [INFO] Sync successful for Pictures/: 
2025-06-03 11:51:06,258 [DEBUG] Running command: rsync -rtpu /home/rustie/Videos/ rsync://bbx@newton.house:873/wkiKsRsh_videos
2025-06-03 11:51:07,429 [INFO] Sync successful for Videos/: 
2025-06-03 11:51:07,431 [INFO] Updated lastRun to 2025-06-03T11:51:07.430402
2025-06-03 11:52:02,266 [INFO] auth token available after earlier registration, loading settings
2025-06-03 11:52:02,267 [INFO] auth token and settings available, opening UI window
2025-06-03 11:53:07,531 [INFO] Background sync triggered by timer.
2025-06-03 11:53:07,537 [INFO] public domain name is available, using that
2025-06-03 11:53:07,537 [DEBUG] Running command: rsync -rtpu /home/rustie/Documents/ rsync://bbx@newton.house:873/wkiKsRsh_documents
2025-06-03 11:53:08,832 [INFO] Sync successful for Documents/: 
2025-06-03 11:53:08,832 [DEBUG] Running command: rsync -rtpu /home/rustie/Downloads/ rsync://bbx@newton.house:873/wkiKsRsh_downloads
2025-06-03 11:53:10,061 [INFO] Sync successful for Downloads/: 
2025-06-03 11:53:10,062 [DEBUG] Running command: rsync -rtpu /home/rustie/Pictures/ rsync://bbx@newton.house:873/wkiKsRsh_photos
2025-06-03 11:53:11,392 [INFO] Sync successful for Pictures/: 
2025-06-03 11:53:11,392 [DEBUG] Running command: rsync -rtpu /home/rustie/Videos/ rsync://bbx@newton.house:873/wkiKsRsh_videos
2025-06-03 11:53:12,621 [INFO] Sync successful for Videos/: 
2025-06-03 11:53:12,622 [INFO] Updated lastRun to 2025-06-03T11:53:12.622270
2025-06-03 11:55:12,673 [INFO] Background sync triggered by timer.
2025-06-03 11:55:12,677 [INFO] public domain name is available, using that
2025-06-03 11:55:12,678 [DEBUG] Running command: rsync -rtpu /home/rustie/Documents/ rsync://bbx@newton.house:873/wkiKsRsh_documents
2025-06-03 11:55:14,071 [INFO] Sync successful for Documents/: 
2025-06-03 11:55:14,072 [DEBUG] Running command: rsync -rtpu /home/rustie/Downloads/ rsync://bbx@newton.house:873/wkiKsRsh_downloads
2025-06-03 11:55:15,506 [INFO] Sync successful for Downloads/: 
2025-06-03 11:55:15,506 [DEBUG] Running command: rsync -rtpu /home/rustie/Pictures/ rsync://bbx@newton.house:873/wkiKsRsh_photos
2025-06-03 11:55:16,935 [INFO] Sync successful for Pictures/: 
2025-06-03 11:55:16,935 [DEBUG] Running command: rsync -rtpu /home/rustie/Videos/ rsync://bbx@newton.house:873/wkiKsRsh_videos
2025-06-03 11:55:18,320 [INFO] Sync successful for Videos/: 
2025-06-03 11:55:18,321 [INFO] Updated lastRun to 2025-06-03T11:55:18.321486
2025-06-03 11:57:18,393 [INFO] Background sync triggered by timer.
2025-06-03 11:57:18,397 [INFO] public domain name is available, using that
2025-06-03 11:57:18,397 [DEBUG] Running command: rsync -rtpu /home/rustie/Documents/ rsync://bbx@newton.house:873/wkiKsRsh_documents
2025-06-03 11:57:19,615 [INFO] Sync successful for Documents/: 
2025-06-03 11:57:19,616 [DEBUG] Running command: rsync -rtpu /home/rustie/Downloads/ rsync://bbx@newton.house:873/wkiKsRsh_downloads
2025-06-03 11:57:21,045 [INFO] Sync successful for Downloads/: 
2025-06-03 11:57:21,046 [DEBUG] Running command: rsync -rtpu /home/rustie/Pictures/ rsync://bbx@newton.house:873/wkiKsRsh_photos
2025-06-03 11:57:22,479 [INFO] Sync successful for Pictures/: 
2025-06-03 11:57:22,479 [DEBUG] Running command: rsync -rtpu /home/rustie/Videos/ rsync://bbx@newton.house:873/wkiKsRsh_videos
2025-06-03 11:57:23,912 [INFO] Sync successful for Videos/: 
2025-06-03 11:57:23,913 [INFO] Updated lastRun to 2025-06-03T11:57:23.912842
2025-06-03 11:59:24,013 [INFO] Background sync triggered by timer.
2025-06-03 11:59:24,017 [INFO] public domain name is available, using that
2025-06-03 11:59:24,018 [DEBUG] Running command: rsync -rtpu /home/rustie/Documents/ rsync://bbx@newton.house:873/wkiKsRsh_documents
2025-06-03 11:59:25,462 [INFO] Sync successful for Documents/: 
2025-06-03 11:59:25,462 [DEBUG] Running command: rsync -rtpu /home/rustie/Downloads/ rsync://bbx@newton.house:873/wkiKsRsh_downloads
2025-06-03 11:59:26,794 [INFO] Sync successful for Downloads/: 
2025-06-03 11:59:26,794 [DEBUG] Running command: rsync -rtpu /home/rustie/Pictures/ rsync://bbx@newton.house:873/wkiKsRsh_photos
2025-06-03 11:59:28,124 [INFO] Sync successful for Pictures/: 
2025-06-03 11:59:28,124 [DEBUG] Running command: rsync -rtpu /home/rustie/Videos/ rsync://bbx@newton.house:873/wkiKsRsh_videos
2025-06-03 11:59:29,455 [INFO] Sync successful for Videos/: 
2025-06-03 11:59:29,456 [INFO] Updated lastRun to 2025-06-03T11:59:29.456239
2025-06-03 12:01:29,556 [INFO] Background sync triggered by timer.
2025-06-03 12:01:29,560 [INFO] public domain name is available, using that
2025-06-03 12:01:29,561 [DEBUG] Running command: rsync -rtpu /home/rustie/Documents/ rsync://bbx@newton.house:873/wkiKsRsh_documents
2025-06-03 12:01:31,005 [INFO] Sync successful for Documents/: 
2025-06-03 12:01:31,005 [DEBUG] Running command: rsync -rtpu /home/rustie/Downloads/ rsync://bbx@newton.house:873/wkiKsRsh_downloads
2025-06-03 12:01:32,438 [INFO] Sync successful for Downloads/: 
2025-06-03 12:01:32,438 [DEBUG] Running command: rsync -rtpu /home/rustie/Pictures/ rsync://bbx@newton.house:873/wkiKsRsh_photos
2025-06-03 12:01:33,872 [INFO] Sync successful for Pictures/: 
2025-06-03 12:01:33,872 [DEBUG] Running command: rsync -rtpu /home/rustie/Videos/ rsync://bbx@newton.house:873/wkiKsRsh_videos
2025-06-03 12:01:35,203 [INFO] Sync successful for Videos/: 
2025-06-03 12:01:35,205 [INFO] Updated lastRun to 2025-06-03T12:01:35.204559
2025-06-04 10:03:30,905 [INFO] auth token available after earlier registration, loading settings
2025-06-04 10:03:30,905 [INFO] auth token and settings available, opening UI window
